2021-01-15 13:41:28,410 INFO  [org.jboss.modules] (main) JBoss Modules version 1.10.2.Final
2021-01-15 13:41:29,186 INFO  [org.jboss.msc] (main) JBoss MSC version 1.4.12.Final
2021-01-15 13:41:29,198 INFO  [org.jboss.threads] (main) JBoss Threads version 2.4.0.Final
2021-01-15 13:41:29,328 INFO  [org.jboss.as] (MSC service thread 1-2) WFLYSRV0049: WildFly Full 21.0.0.Final (WildFly Core 13.0.1.Final) starting
2021-01-15 13:41:29,331 DEBUG [org.jboss.as.config] (MSC service thread 1-2) Configured system properties:
	file.encoding = Cp1252
	file.separator = \
	java.awt.headless = true
	java.class.path = D:\Servidores\wildfly-21.0.0.Final\jboss-modules.jar
	java.class.version = 58.0
	java.home = D:\Arquivos de Programas\Java\jdk-14.0.2
	java.io.tmpdir = C:\Users\BRENOX~1\AppData\Local\Temp\
	java.library.path = D:\Arquivos de Programas\Java\jdk-14.0.2\bin;C:\WINDOWS\Sun\Java\bin;C:\WINDOWS\system32;C:\WINDOWS;native;D:/Arquivos de Programas/Java/jdk-14.0.2/bin/server;D:/Arquivos de Programas/Java/jdk-14.0.2/bin;C:\Python39\Scripts\;C:\Python39\;C:\Program Files (x86)\Common Files\Oracle\Java\javapath;C:\WINDOWS\system32;C:\WINDOWS;C:\WINDOWS\System32\Wbem;C:\WINDOWS\System32\WindowsPowerShell\v1.0\;C:\WINDOWS\System32\OpenSSH\;C:\Program Files\dotnet\;C:\Program Files\Microsoft SQL Server\130\Tools\Binn\;C:\Program Files\Microsoft SQL Server\Client SDK\ODBC\170\Tools\Binn\;D:\Arquivos de Programas\Node\;C:\ProgramData\chocolatey\bin;D:\Arquivos de Programas\PuTTY\;D:\Arquivos de Programas\Git\cmd;C:\Program Files\Docker\Docker\resources\bin;C:\ProgramData\DockerDesktop\version-bin;C:\Program Files\MySQL\MySQL Shell 8.0\bin\;C:\Users\BrenoXDMoon\AppData\Local\Microsoft\WindowsApps;D:\Arquivos de Programa\JetBrains\PyCharm Community Edition 2020.2.1\bin;;D:\Arquivos de Programas\Microsoft VS Code\bin;C:\Users\BrenoXDMoon\.dotnet\tools;C:\Users\BrenoXDMoon\AppData\Roaming\npm;C:\Users\BrenoXDMoon\AppData\Local\GitHubDesktop\bin;D:\BrenoXDMoon\Desktop;;.
	java.net.preferIPv4Stack = true
	java.runtime.name = Java(TM) SE Runtime Environment
	java.runtime.version = 14.0.2+12-46
	java.specification.name = Java Platform API Specification
	java.specification.vendor = Oracle Corporation
	java.specification.version = 14
	java.util.logging.manager = org.jboss.logmanager.LogManager
	java.vendor = Oracle Corporation
	java.vendor.url = https://java.oracle.com/
	java.vendor.url.bug = https://bugreport.java.com/bugreport/
	java.version = 14.0.2
	java.version.date = 2020-07-14
	java.vm.compressedOopsMode = 32-bit
	java.vm.info = mixed mode, sharing
	java.vm.name = Java HotSpot(TM) 64-Bit Server VM
	java.vm.specification.name = Java Virtual Machine Specification
	java.vm.specification.vendor = Oracle Corporation
	java.vm.specification.version = 14
	java.vm.vendor = Oracle Corporation
	java.vm.version = 14.0.2+12-46
	javax.management.builder.initial = org.jboss.as.jmx.PluggableMBeanServerBuilder
	jboss.bind.address = localhost
	jboss.bind.address.management = localhost
	jboss.home.dir = D:\Servidores\wildfly-21.0.0.Final
	jboss.host.name = brenoxdmoon
	jboss.modules.dir = D:\Servidores\wildfly-21.0.0.Final\modules
	jboss.modules.system.pkgs = org.jboss.byteman
	jboss.node.name = brenoxdmoon
	jboss.qualified.host.name = brenoxdmoon
	jboss.server.base.dir = D:\Servidores\wildfly-21.0.0.Final\standalone
	jboss.server.config.dir = D:\Servidores\wildfly-21.0.0.Final\standalone\configuration
	jboss.server.data.dir = D:\Servidores\wildfly-21.0.0.Final\standalone\data
	jboss.server.deploy.dir = D:\Servidores\wildfly-21.0.0.Final\standalone\data\content
	jboss.server.log.dir = D:\Servidores\wildfly-21.0.0.Final\standalone\log
	jboss.server.name = brenoxdmoon
	jboss.server.persist.config = true
	jboss.server.temp.dir = D:\Servidores\wildfly-21.0.0.Final\standalone\tmp
	jdk.debug = release
	line.separator = 

	logging.configuration = file:D:\Servidores\wildfly-21.0.0.Final\standalone\configuration\logging.properties
	module.path = D:\Servidores\wildfly-21.0.0.Final\modules
	org.jboss.boot.log.file = D:\Servidores\wildfly-21.0.0.Final\standalone\log\boot.log
	org.jboss.logmanager.nocolor = true
	org.jboss.resolver.warning = true
	os.arch = amd64
	os.name = Windows 10
	os.version = 10.0
	path.separator = ;
	program.name = JBossTools: WildFly 21
	sun.arch.data.model = 64
	sun.boot.library.path = D:\Arquivos de Programas\Java\jdk-14.0.2\bin
	sun.cpu.endian = little
	sun.cpu.isalist = amd64
	sun.io.unicode.encoding = UnicodeLittle
	sun.java.command = org.jboss.modules.Main -mp D:\Servidores\wildfly-21.0.0.Final\modules org.jboss.as.standalone -b localhost --server-config=standalone-full.xml -Djboss.server.base.dir=D:\Servidores\wildfly-21.0.0.Final\standalone
	sun.java.launcher = SUN_STANDARD
	sun.jnu.encoding = Cp1252
	sun.management.compiler = HotSpot 64-Bit Tiered Compilers
	sun.os.patch.level = 
	sun.rmi.dgc.client.gcInterval = 3600000
	sun.rmi.dgc.server.gcInterval = 3600000
	user.country = BR
	user.dir = D:\Servidores\wildfly-21.0.0.Final\bin
	user.home = C:\Users\BrenoXDMoon
	user.language = pt
	user.name = BrenoXDMoon
	user.script = 
	user.timezone = America/Sao_Paulo
	user.variant = 
2021-01-15 13:41:29,334 DEBUG [org.jboss.as.config] (MSC service thread 1-2) VM Arguments: -Dprogram.name=JBossTools: WildFly 21 -Xms64m -Xmx512m -Dorg.jboss.resolver.warning=true -Djava.net.preferIPv4Stack=true -Dsun.rmi.dgc.client.gcInterval=3600000 -Dsun.rmi.dgc.server.gcInterval=3600000 -Djboss.modules.system.pkgs=org.jboss.byteman -Djava.awt.headless=true -Dorg.jboss.boot.log.file=D:\Servidores\wildfly-21.0.0.Final\standalone\log\boot.log -Dlogging.configuration=file:D:\Servidores\wildfly-21.0.0.Final\standalone\configuration\logging.properties -Djboss.home.dir=D:\Servidores\wildfly-21.0.0.Final -Dorg.jboss.logmanager.nocolor=true --add-exports=java.base/sun.nio.ch=ALL-UNNAMED --add-exports=jdk.unsupported/sun.misc=ALL-UNNAMED --add-exports=jdk.unsupported/sun.reflect=ALL-UNNAMED --add-modules=java.se -Djboss.bind.address.management=localhost -Dfile.encoding=Cp1252 -XX:+ShowCodeDetailsInExceptionMessages 
2021-01-15 13:41:30,295 INFO  [org.wildfly.security] (ServerService Thread Pool -- 29) ELY00001: WildFly Elytron version 1.13.1.Final
2021-01-15 13:41:31,184 INFO  [org.jboss.as.controller.management-deprecated] (Controller Boot Thread) WFLYCTL0028: Attribute 'security-realm' in the resource at address '/core-service=management/management-interface=http-interface' is deprecated, and may be removed in a future version. See the attribute description in the output of the read-resource-description operation to learn more about the deprecation.
2021-01-15 13:41:31,216 INFO  [org.jboss.as.controller.management-deprecated] (ServerService Thread Pool -- 23) WFLYCTL0028: Attribute 'security-realm' in the resource at address '/subsystem=undertow/server=default-server/https-listener=https' is deprecated, and may be removed in a future version. See the attribute description in the output of the read-resource-description operation to learn more about the deprecation.
2021-01-15 13:41:31,337 INFO  [org.jboss.as.server] (Controller Boot Thread) WFLYSRV0039: Creating http management service using socket-binding (management-http)
2021-01-15 13:41:31,356 INFO  [org.xnio] (MSC service thread 1-5) XNIO version 3.8.2.Final
2021-01-15 13:41:31,367 INFO  [org.xnio.nio] (MSC service thread 1-5) XNIO NIO Implementation Version 3.8.2.Final
2021-01-15 13:41:31,429 WARN  [org.jboss.as.txn] (ServerService Thread Pool -- 80) WFLYTX0013: The node-identifier attribute on the /subsystem=transactions is set to the default value. This is a danger for environments running multiple servers. Please make sure the attribute value is unique.
2021-01-15 13:41:31,439 INFO  [org.wildfly.extension.microprofile.jwt.smallrye._private] (ServerService Thread Pool -- 69) WFLYJWT0001: Activating WildFly MicroProfile JWT Subsystem
2021-01-15 13:41:31,448 INFO  [org.jboss.as.naming] (ServerService Thread Pool -- 72) WFLYNAM0001: Activating Naming Subsystem
2021-01-15 13:41:31,451 INFO  [org.jboss.as.security] (ServerService Thread Pool -- 78) WFLYSEC0002: Activating Security Subsystem
2021-01-15 13:41:31,453 INFO  [org.wildfly.extension.microprofile.config.smallrye._private] (ServerService Thread Pool -- 67) WFLYCONF0001: Activating WildFly MicroProfile Config Subsystem
2021-01-15 13:41:31,454 INFO  [org.jboss.as.clustering.infinispan] (ServerService Thread Pool -- 56) WFLYCLINF0001: Activating Infinispan subsystem.
2021-01-15 13:41:31,466 INFO  [org.wildfly.extension.microprofile.opentracing] (ServerService Thread Pool -- 71) WFLYTRACEXT0001: Activating MicroProfile OpenTracing Subsystem
2021-01-15 13:41:31,466 INFO  [org.jboss.as.jaxrs] (ServerService Thread Pool -- 58) WFLYRS0016: RESTEasy version 3.13.2.Final
2021-01-15 13:41:31,474 INFO  [org.wildfly.extension.io] (ServerService Thread Pool -- 57) WFLYIO001: Worker 'default' has auto-configured to 16 IO threads with 128 max task threads based on your 8 available processors
2021-01-15 13:41:31,478 INFO  [org.jboss.as.jsf] (ServerService Thread Pool -- 63) WFLYJSF0007: Activated the following JSF Implementations: [main]
2021-01-15 13:41:31,479 INFO  [org.jboss.as.webservices] (ServerService Thread Pool -- 82) WFLYWS0002: Activating WebServices Extension
2021-01-15 13:41:31,479 INFO  [org.wildfly.iiop.openjdk] (ServerService Thread Pool -- 55) WFLYIIOP0001: Activating IIOP Subsystem
2021-01-15 13:41:31,479 INFO  [org.jboss.as.security] (MSC service thread 1-3) WFLYSEC0001: Current PicketBox version=5.0.3.Final-redhat-00006
2021-01-15 13:41:31,485 INFO  [org.jboss.as.connector] (MSC service thread 1-6) WFLYJCA0009: Starting JCA Subsystem (WildFly/IronJacamar 1.4.23.Final)
2021-01-15 13:41:31,515 INFO  [org.wildfly.extension.microprofile.health.smallrye] (ServerService Thread Pool -- 68) WFLYHEALTH0001: Activating Eclipse MicroProfile Health Subsystem
2021-01-15 13:41:31,542 INFO  [org.wildfly.extension.microprofile.metrics.smallrye] (ServerService Thread Pool -- 70) WFLYMETRICS0001: Activating Eclipse MicroProfile Metrics Subsystem
2021-01-15 13:41:31,578 INFO  [org.jboss.remoting] (MSC service thread 1-1) JBoss Remoting version 5.0.19.Final
2021-01-15 13:41:31,579 INFO  [org.wildfly.extension.undertow] (MSC service thread 1-6) WFLYUT0003: Undertow 2.2.2.Final starting
2021-01-15 13:41:31,587 INFO  [org.jboss.as.connector.subsystems.datasources] (ServerService Thread Pool -- 47) WFLYJCA0004: Deploying JDBC-compliant driver class org.h2.Driver (version 1.4)
2021-01-15 13:41:31,620 INFO  [org.jboss.as.naming] (MSC service thread 1-6) WFLYNAM0003: Starting Naming Service
2021-01-15 13:41:31,646 INFO  [org.jboss.as.connector.deployers.jdbc] (MSC service thread 1-1) WFLYJCA0018: Started Driver service with driver-name = h2
2021-01-15 13:41:31,655 INFO  [org.jboss.as.mail.extension] (MSC service thread 1-1) WFLYMAIL0001: Bound mail session [java:jboss/mail/Default]
2021-01-15 13:41:31,949 INFO  [org.jboss.as.ejb3] (MSC service thread 1-6) WFLYEJB0481: Strict pool slsb-strict-max-pool is using a max instance size of 128 (per class), which is derived from thread worker pool sizing.
2021-01-15 13:41:31,949 INFO  [org.jboss.as.ejb3] (MSC service thread 1-2) WFLYEJB0482: Strict pool mdb-strict-max-pool is using a max instance size of 32 (per class), which is derived from the number of CPUs on this host.
2021-01-15 13:41:31,978 INFO  [org.wildfly.extension.undertow] (ServerService Thread Pool -- 81) WFLYUT0014: Creating file handler for path 'D:\Servidores\wildfly-21.0.0.Final/welcome-content' with options [directory-listing: 'false', follow-symlink: 'false', case-sensitive: 'true', safe-symlink-paths: '[]']
2021-01-15 13:41:32,001 INFO  [org.wildfly.extension.undertow] (MSC service thread 1-2) WFLYUT0012: Started server default-server.
2021-01-15 13:41:32,003 INFO  [org.wildfly.extension.undertow] (MSC service thread 1-2) WFLYUT0018: Host default-host starting
2021-01-15 13:41:32,271 INFO  [org.wildfly.extension.undertow] (MSC service thread 1-1) WFLYUT0006: Undertow HTTP listener default listening on 127.0.0.1:8080
2021-01-15 13:41:32,369 INFO  [org.jboss.as.ejb3] (MSC service thread 1-3) WFLYEJB0493: EJB subsystem suspension complete
2021-01-15 13:41:32,451 INFO  [org.jboss.as.connector.subsystems.datasources] (MSC service thread 1-2) WFLYJCA0001: Bound data source [java:jboss/datasources/ExampleDS]
2021-01-15 13:41:32,462 INFO  [org.jboss.as.patching] (MSC service thread 1-7) WFLYPAT0050: WildFly Full cumulative patch ID is: base, one-off patches include: none
2021-01-15 13:41:32,476 INFO  [org.wildfly.extension.messaging-activemq] (MSC service thread 1-6) WFLYMSGAMQ0001: AIO wasn't located on this platform, it will fall back to using pure Java NIO.
2021-01-15 13:41:32,476 WARN  [org.jboss.as.domain.management.security] (MSC service thread 1-1) WFLYDM0111: Keystore D:\Servidores\wildfly-21.0.0.Final\standalone\configuration\application.keystore not found, it will be auto generated on first use with a self signed certificate for host localhost
